c:\so16-17v\so\so\x64\debug\vc141.pdb
c:\so16-17v\so\so\x64\debug\vc141.idb
c:\so16-17v\so\so\x64\debug\source.obj
c:\so16-17v\so\so\x64\debug\exe5.obj
c:\so16-17v\so\x64\debug\so.ilk
c:\so16-17v\so\x64\debug\so.exe
c:\so16-17v\so\x64\debug\so.pdb
c:\users\david\documents\isel\so\1617v\rep\so-1617\so\x64\debug\exe5.obj
c:\users\david\documents\isel\so\1617v\rep\so-1617\so\x64\debug\source.obj
c:\users\david\documents\isel\so\1617v\rep\so-1617\so\x64\debug\vc141.idb
c:\users\david\documents\isel\so\1617v\rep\so-1617\so\x64\debug\vc141.pdb
c:\users\david\documents\isel\so\1617v\rep\so-1617\x64\debug\so.pdb
c:\users\david\documents\isel\so\1617v\rep\so-1617\x64\debug\so.exe
c:\users\david\documents\isel\so\1617v\rep\so-1617\x64\debug\so.ilk
c:\users\david\documents\isel\so\1617v\rep\so-1617\so\x64\debug\so.tlog\cl.command.1.tlog
c:\users\david\documents\isel\so\1617v\rep\so-1617\so\x64\debug\so.tlog\cl.read.1.tlog
c:\users\david\documents\isel\so\1617v\rep\so-1617\so\x64\debug\so.tlog\cl.write.1.tlog
c:\users\david\documents\isel\so\1617v\rep\so-1617\so\x64\debug\so.tlog\link.command.1.tlog
c:\users\david\documents\isel\so\1617v\rep\so-1617\so\x64\debug\so.tlog\link.read.1.tlog
c:\users\david\documents\isel\so\1617v\rep\so-1617\so\x64\debug\so.tlog\link.write.1.tlog
